INFO:root:-------------Welcome to Cloud Storage Factory!!!!-------------------------------
INFO:root:-------------Welcome to Azure Blob Storage!!!!--------------------
INFO:root:Listing Blobs in the Container:
INFO:azure.core.pipeline.policies.http_logging_policy:Request URL: 'https://pocairflow.blob.core.windows.net/poc2?restype=REDACTED&comp=REDACTED'/nRequest method: 'GET'/nRequest headers:/n    'x-ms-version': 'REDACTED'/n    'Accept': 'application/xml'/n    'User-Agent': 'azsdk-python-storage-blob/12.8.0 Python/3.7.7 (Windows-10-10.0.19041-SP0)'/n    'x-ms-date': 'REDACTED'/n    'x-ms-client-request-id': 'fa4a7f06-85d0-11ec-836c-3814285a37dd'/n    'Authorization': 'REDACTED'/nNo body was attached to the request
DEBUG:urllib3.connectionpool:Starting new HTTPS connection (1): pocairflow.blob.core.windows.net:443
DEBUG:urllib3.connectionpool:https://pocairflow.blob.core.windows.net:443 "GET /poc2?restype=container&comp=list HTTP/1.1" 200 None
INFO:azure.core.pipeline.policies.http_logging_policy:Response status: 200/nResponse headers:/n    'Transfer-Encoding': 'chunked'/n    'Content-Type': 'application/xml'/n    'Server': 'Windows-Azure-Blob/1.0 Microsoft-HTTPAPI/2.0'/n    'x-ms-request-id': '5e9d1fe1-a01e-002a-7add-198aed000000'/n    'x-ms-client-request-id': 'fa4a7f06-85d0-11ec-836c-3814285a37dd'/n    'x-ms-version': 'REDACTED'/n    'Date': 'Fri, 04 Feb 2022 15:41:54 GMT'
INFO:root:csv_metadata.json
INFO:root:demo/payload1.json
INFO:root:Uploading blob demo/demo.csv to Azure Blob Storage Container
INFO:root:---------------Upload file to Azure Blob Storage Container -------------------
INFO:azure.core.pipeline.policies.http_logging_policy:Request URL: 'https://pocairflow.blob.core.windows.net/poc2/demo/demo.csv'/nRequest method: 'PUT'/nRequest headers:/n    'x-ms-blob-type': 'REDACTED'/n    'Content-Length': '31573'/n    'x-ms-encryption-algorithm': 'REDACTED'/n    'If-None-Match': '*'/n    'x-ms-version': 'REDACTED'/n    'Content-Type': 'application/octet-stream'/n    'Accept': 'application/xml'/n    'User-Agent': 'azsdk-python-storage-blob/12.8.0 Python/3.7.7 (Windows-10-10.0.19041-SP0)'/n    'x-ms-date': 'REDACTED'/n    'x-ms-client-request-id': 'fae9412e-85d0-11ec-8758-3814285a37dd'/n    'Authorization': 'REDACTED'/nA body is sent with the request
DEBUG:urllib3.connectionpool:Starting new HTTPS connection (1): pocairflow.blob.core.windows.net:443
DEBUG:urllib3.connectionpool:https://pocairflow.blob.core.windows.net:443 "PUT /poc2/demo/demo.csv HTTP/1.1" 201 0
INFO:azure.core.pipeline.policies.http_logging_policy:Response status: 201/nResponse headers:/n    'Content-Length': '0'/n    'Content-MD5': 'REDACTED'/n    'Last-Modified': 'Fri, 04 Feb 2022 15:41:56 GMT'/n    'ETag': '"0x8D9E7F4DFB57431"'/n    'Server': 'Windows-Azure-Blob/1.0 Microsoft-HTTPAPI/2.0'/n    'x-ms-request-id': '9c4d70be-201e-0034-66dd-196635000000'/n    'x-ms-client-request-id': 'fae9412e-85d0-11ec-8758-3814285a37dd'/n    'x-ms-version': 'REDACTED'/n    'x-ms-content-crc64': 'REDACTED'/n    'x-ms-request-server-encrypted': 'REDACTED'/n    'Date': 'Fri, 04 Feb 2022 15:41:55 GMT'
INFO:azure.core.pipeline.policies.http_logging_policy:Request URL: 'https://pocairflow.blob.core.windows.net/poc2/demo/demo.csv'/nRequest method: 'HEAD'/nRequest headers:/n    'x-ms-encryption-algorithm': 'REDACTED'/n    'x-ms-version': 'REDACTED'/n    'Accept': 'application/xml'/n    'User-Agent': 'azsdk-python-storage-blob/12.8.0 Python/3.7.7 (Windows-10-10.0.19041-SP0)'/n    'x-ms-date': 'REDACTED'/n    'x-ms-client-request-id': 'fba176ba-85d0-11ec-83e1-3814285a37dd'/n    'Authorization': 'REDACTED'/nNo body was attached to the request
DEBUG:urllib3.connectionpool:https://pocairflow.blob.core.windows.net:443 "HEAD /poc2/demo/demo.csv HTTP/1.1" 200 0
INFO:azure.core.pipeline.policies.http_logging_policy:Response status: 200/nResponse headers:/n    'Content-Length': '31573'/n    'Content-Type': 'application/octet-stream'/n    'Content-MD5': 'REDACTED'/n    'Last-Modified': 'Fri, 04 Feb 2022 15:41:56 GMT'/n    'Accept-Ranges': 'REDACTED'/n    'ETag': '"0x8D9E7F4DFB57431"'/n    'Server': 'Windows-Azure-Blob/1.0 Microsoft-HTTPAPI/2.0'/n    'x-ms-request-id': '9c4d71f5-201e-0034-7edd-196635000000'/n    'x-ms-client-request-id': 'fba176ba-85d0-11ec-83e1-3814285a37dd'/n    'x-ms-version': 'REDACTED'/n    'x-ms-creation-time': 'REDACTED'/n    'x-ms-lease-status': 'REDACTED'/n    'x-ms-lease-state': 'REDACTED'/n    'x-ms-blob-type': 'REDACTED'/n    'x-ms-server-encrypted': 'REDACTED'/n    'x-ms-access-tier': 'REDACTED'/n    'x-ms-access-tier-inferred': 'REDACTED'/n    'Date': 'Fri, 04 Feb 2022 15:41:55 GMT'
INFO:root:File Uploaded Successfully!!!!!!
INFO:root:---------------Read from Azure Blob Storage Container using output stream-------------------
INFO:azure.core.pipeline.policies.http_logging_policy:Request URL: 'https://pocairflow.blob.core.windows.net/poc2/csv_metadata.json'/nRequest method: 'GET'/nRequest headers:/n    'x-ms-range': 'REDACTED'/n    'x-ms-encryption-algorithm': 'REDACTED'/n    'x-ms-version': 'REDACTED'/n    'Accept': 'application/xml'/n    'User-Agent': 'azsdk-python-storage-blob/12.8.0 Python/3.7.7 (Windows-10-10.0.19041-SP0)'/n    'x-ms-date': 'REDACTED'/n    'x-ms-client-request-id': 'fbc2df68-85d0-11ec-8a7d-3814285a37dd'/n    'Authorization': 'REDACTED'/nNo body was attached to the request
DEBUG:urllib3.connectionpool:Starting new HTTPS connection (1): pocairflow.blob.core.windows.net:443
DEBUG:urllib3.connectionpool:https://pocairflow.blob.core.windows.net:443 "GET /poc2/csv_metadata.json HTTP/1.1" 206 149
INFO:azure.core.pipeline.policies.http_logging_policy:Response status: 206/nResponse headers:/n    'Content-Length': '149'/n    'Content-Type': 'application/json'/n    'Content-Range': 'REDACTED'/n    'Last-Modified': 'Fri, 04 Feb 2022 13:27:23 GMT'/n    'Accept-Ranges': 'REDACTED'/n    'ETag': '"0x8D9E7E214180B44"'/n    'Server': 'Windows-Azure-Blob/1.0 Microsoft-HTTPAPI/2.0'/n    'x-ms-request-id': 'c883e25a-601e-009c-5fdd-19f89b000000'/n    'x-ms-client-request-id': 'fbc2df68-85d0-11ec-8a7d-3814285a37dd'/n    'x-ms-version': 'REDACTED'/n    'x-ms-creation-time': 'REDACTED'/n    'x-ms-blob-content-md5': 'REDACTED'/n    'x-ms-lease-status': 'REDACTED'/n    'x-ms-lease-state': 'REDACTED'/n    'x-ms-blob-type': 'REDACTED'/n    'x-ms-server-encrypted': 'REDACTED'/n    'Date': 'Fri, 04 Feb 2022 15:41:56 GMT'
INFO:root:b'{\r\n    "header":\r\n    {\r\n        "file_name": "demo.csv",\r\n        "column_names":["start_station_name","num"],\r\n        "no_of_columns": 2\r\n    }\r\n}'
INFO:root:---------------Read from Azure Blob Storage Container using pandas df---------------
INFO:azure.core.pipeline.policies.http_logging_policy:Request URL: 'https://pocairflow.blob.core.windows.net/poc2/demo/demo.csv'/nRequest method: 'GET'/nRequest headers:/n    'x-ms-range': 'REDACTED'/n    'x-ms-encryption-algorithm': 'REDACTED'/n    'x-ms-version': 'REDACTED'/n    'Accept': 'application/xml'/n    'User-Agent': 'azsdk-python-storage-blob/12.8.0 Python/3.7.7 (Windows-10-10.0.19041-SP0)'/n    'x-ms-date': 'REDACTED'/n    'x-ms-client-request-id': 'fc491952-85d0-11ec-9946-3814285a37dd'/n    'Authorization': 'REDACTED'/nNo body was attached to the request
DEBUG:urllib3.connectionpool:Starting new HTTPS connection (1): pocairflow.blob.core.windows.net:443
DEBUG:urllib3.connectionpool:https://pocairflow.blob.core.windows.net:443 "GET /poc2/demo/demo.csv HTTP/1.1" 206 31573
INFO:azure.core.pipeline.policies.http_logging_policy:Response status: 206/nResponse headers:/n    'Content-Length': '31573'/n    'Content-Type': 'application/octet-stream'/n    'Content-Range': 'REDACTED'/n    'Last-Modified': 'Fri, 04 Feb 2022 15:41:56 GMT'/n    'Accept-Ranges': 'REDACTED'/n    'ETag': '"0x8D9E7F4DFB57431"'/n    'Server': 'Windows-Azure-Blob/1.0 Microsoft-HTTPAPI/2.0'/n    'x-ms-request-id': '6f891fbf-701e-004b-02dd-19a9ae000000'/n    'x-ms-client-request-id': 'fc491952-85d0-11ec-9946-3814285a37dd'/n    'x-ms-version': 'REDACTED'/n    'x-ms-creation-time': 'REDACTED'/n    'x-ms-blob-content-md5': 'REDACTED'/n    'x-ms-lease-status': 'REDACTED'/n    'x-ms-lease-state': 'REDACTED'/n    'x-ms-blob-type': 'REDACTED'/n    'x-ms-server-encrypted': 'REDACTED'/n    'Date': 'Fri, 04 Feb 2022 15:41:57 GMT'
INFO:azure.core.pipeline.policies.http_logging_policy:Request URL: 'https://pocairflow.blob.core.windows.net/temp/demo/demo.csv'/nRequest method: 'PUT'/nRequest headers:/n    'x-ms-copy-source': 'REDACTED'/n    'x-ms-version': 'REDACTED'/n    'Accept': 'application/xml'/n    'User-Agent': 'azsdk-python-storage-blob/12.8.0 Python/3.7.7 (Windows-10-10.0.19041-SP0)'/n    'x-ms-date': 'REDACTED'/n    'x-ms-client-request-id': 'fcfddaee-85d0-11ec-a30f-3814285a37dd'/n    'Authorization': 'REDACTED'/nNo body was attached to the request
DEBUG:urllib3.connectionpool:Starting new HTTPS connection (1): pocairflow.blob.core.windows.net:443
DEBUG:urllib3.connectionpool:https://pocairflow.blob.core.windows.net:443 "PUT /temp/demo/demo.csv HTTP/1.1" 202 0
INFO:azure.core.pipeline.policies.http_logging_policy:Response status: 202/nResponse headers:/n    'Content-Length': '0'/n    'Last-Modified': 'Fri, 04 Feb 2022 15:41:59 GMT'/n    'ETag': '"0x8D9E7F4E1A27CD5"'/n    'Server': 'Windows-Azure-Blob/1.0 Microsoft-HTTPAPI/2.0'/n    'x-ms-request-id': '05c114a9-601e-0035-06dd-1939e9000000'/n    'x-ms-client-request-id': 'fcfddaee-85d0-11ec-a30f-3814285a37dd'/n    'x-ms-version': 'REDACTED'/n    'x-ms-copy-id': 'REDACTED'/n    'x-ms-copy-status': 'REDACTED'/n    'Date': 'Fri, 04 Feb 2022 15:41:58 GMT'
