[2022-01-05 10:17:09,609] {{dag_processing.py:821}} INFO - Processing files using up to 2 processes at a time 
[2022-01-05 10:17:09,610] {{dag_processing.py:822}} INFO - Process each file at most once every 0 seconds
[2022-01-05 10:17:09,610] {{dag_processing.py:824}} INFO - Checking for new files in /usr/local/airflow/dags every 300 seconds
[2022-01-05 10:17:09,611] {{dag_processing.py:1292}} INFO - Finding 'running' jobs without a recent heartbeat
[2022-01-05 10:17:09,611] {{dag_processing.py:1296}} INFO - Failing jobs without heartbeat after 2022-01-05 10:12:09.611742+00:00
[2022-01-05 10:17:09,630] {{dag_processing.py:1029}} INFO - 
================================================================================
DAG File Processing Stats

File Path                               PID  Runtime      # DAGs    # Errors  Last Runtime    Last Run
------------------------------------  -----  ---------  --------  ----------  --------------  ----------
/usr/local/airflow/dags/first_dag.py    181  0.00s             0           0
================================================================================
[2022-01-05 10:17:19,658] {{dag_processing.py:1292}} INFO - Finding 'running' jobs without a recent heartbeat
[2022-01-05 10:17:19,659] {{dag_processing.py:1296}} INFO - Failing jobs without heartbeat after 2022-01-05 10:12:19.659589+00:00
[2022-01-05 10:17:29,721] {{dag_processing.py:1292}} INFO - Finding 'running' jobs without a recent heartbeat
[2022-01-05 10:17:29,722] {{dag_processing.py:1296}} INFO - Failing jobs without heartbeat after 2022-01-05 10:12:29.722857+00:00
[2022-01-05 10:17:39,784] {{dag_processing.py:1292}} INFO - Finding 'running' jobs without a recent heartbeat
[2022-01-05 10:17:39,786] {{dag_processing.py:1296}} INFO - Failing jobs without heartbeat after 2022-01-05 10:12:39.786165+00:00
[2022-01-05 10:17:39,798] {{dag_processing.py:1029}} INFO - 
================================================================================
DAG File Processing Stats

File Path                               PID  Runtime      # DAGs    # Errors  Last Runtime    Last Run
------------------------------------  -----  ---------  --------  ----------  --------------  -------------------
/usr/local/airflow/dags/first_dag.py    372  0.00s             0           1  1.02s           2022-01-05T10:17:39
================================================================================
[2022-01-05 10:17:49,861] {{dag_processing.py:1292}} INFO - Finding 'running' jobs without a recent heartbeat
[2022-01-05 10:17:49,862] {{dag_processing.py:1296}} INFO - Failing jobs without heartbeat after 2022-01-05 10:12:49.862508+00:00
[2022-01-05 10:17:59,931] {{dag_processing.py:1292}} INFO - Finding 'running' jobs without a recent heartbeat
[2022-01-05 10:17:59,932] {{dag_processing.py:1296}} INFO - Failing jobs without heartbeat after 2022-01-05 10:12:59.932394+00:00
[2022-01-05 10:18:09,989] {{dag_processing.py:1292}} INFO - Finding 'running' jobs without a recent heartbeat
[2022-01-05 10:18:09,991] {{dag_processing.py:1296}} INFO - Failing jobs without heartbeat after 2022-01-05 10:13:09.991061+00:00
[2022-01-05 10:18:10,002] {{dag_processing.py:1029}} INFO - 
================================================================================
DAG File Processing Stats

File Path                               PID  Runtime      # DAGs    # Errors  Last Runtime    Last Run
------------------------------------  -----  ---------  --------  ----------  --------------  -------------------
/usr/local/airflow/dags/first_dag.py    536  0.00s             0           1  1.02s           2022-01-05T10:18:09
================================================================================
[2022-01-05 10:18:20,062] {{dag_processing.py:1292}} INFO - Finding 'running' jobs without a recent heartbeat
[2022-01-05 10:18:20,063] {{dag_processing.py:1296}} INFO - Failing jobs without heartbeat after 2022-01-05 10:13:20.063575+00:00
[2022-01-05 10:18:30,129] {{dag_processing.py:1292}} INFO - Finding 'running' jobs without a recent heartbeat
[2022-01-05 10:18:30,130] {{dag_processing.py:1296}} INFO - Failing jobs without heartbeat after 2022-01-05 10:13:30.130745+00:00
[2022-01-05 10:18:40,191] {{dag_processing.py:1292}} INFO - Finding 'running' jobs without a recent heartbeat
[2022-01-05 10:18:40,192] {{dag_processing.py:1296}} INFO - Failing jobs without heartbeat after 2022-01-05 10:13:40.192301+00:00
[2022-01-05 10:18:40,203] {{dag_processing.py:1029}} INFO - 
================================================================================
DAG File Processing Stats

File Path                               PID  Runtime      # DAGs    # Errors  Last Runtime    Last Run
------------------------------------  -----  ---------  --------  ----------  --------------  -------------------
/usr/local/airflow/dags/first_dag.py    701  0.00s             0           1  1.01s           2022-01-05T10:18:40
================================================================================
[2022-01-05 10:18:50,257] {{dag_processing.py:1292}} INFO - Finding 'running' jobs without a recent heartbeat
[2022-01-05 10:18:50,258] {{dag_processing.py:1296}} INFO - Failing jobs without heartbeat after 2022-01-05 10:13:50.258481+00:00
[2022-01-05 10:19:00,326] {{dag_processing.py:1292}} INFO - Finding 'running' jobs without a recent heartbeat
[2022-01-05 10:19:00,327] {{dag_processing.py:1296}} INFO - Failing jobs without heartbeat after 2022-01-05 10:14:00.327921+00:00
